<?xml version="1.0" encoding="UTF-8" ?>
<testsuite errors="0" failures="0" hostname="vmi438126" name="com.cimpa.testdtest.PanierTest" skipped="0" tests="6" time="0.015" timestamp="2020-11-09T20:45:29">
  <properties>
[...]
</properties>
  <testcase classname="com.cimpa.testdtest.PanierTest" name="testBoycotteOrigine" time="0.0" />
  <testcase classname="com.cimpa.testdtest.PanierTest" name="testSetContenance" time="0.015" />
  <testcase classname="com.cimpa.testdtest.PanierTest" name="testAjouteRetireEqualsToString" time="0.0" />
  <testcase classname="com.cimpa.testdtest.PanierTest" name="testGetPrix" time="0.0" />
  <testcase classname="com.cimpa.testdtest.PanierTest" name="testConstruct" time="0.0" />
  <testcase classname="com.cimpa.testdtest.PanierTest" name="testEstVideEstPleinAjoute" time="0.0" />
  <system-out><![CDATA[]]></system-out>
  <system-err><![CDATA[]]></system-err>
</testsuite>
